[0.330s] Invoking command in '/home/irl/robot_ws_virtual/build/pwm_msg': PYTHONPATH=/home/irl/robot_ws_virtual/build/pwm_msg/prefix_override:/home/irl/robot_ws_virtual/install/pwm_msg/lib/python3.10/site-packages:${PYTHONPATH} /usr/bin/python3 -W ignore:setup.py install is deprecated setup.py develop --editable --build-directory /home/irl/robot_ws_virtual/build/pwm_msg/build --no-deps symlink_data
[0.488s] running develop
[0.562s] running egg_info
[0.562s] creating pwm_msg.egg-info
[0.562s] writing pwm_msg.egg-info/PKG-INFO
[0.562s] writing dependency_links to pwm_msg.egg-info/dependency_links.txt
[0.562s] writing entry points to pwm_msg.egg-info/entry_points.txt
[0.562s] writing requirements to pwm_msg.egg-info/requires.txt
[0.563s] writing top-level names to pwm_msg.egg-info/top_level.txt
[0.563s] writing manifest file 'pwm_msg.egg-info/SOURCES.txt'
[0.563s] reading manifest file 'pwm_msg.egg-info/SOURCES.txt'
[0.564s] writing manifest file 'pwm_msg.egg-info/SOURCES.txt'
[0.564s] running build_ext
[0.564s] Creating /home/irl/robot_ws_virtual/install/pwm_msg/lib/python3.10/site-packages/pwm-msg.egg-link (link to .)
[0.565s] 
[0.565s] Installed /home/irl/robot_ws_virtual/build/pwm_msg
[0.565s] running symlink_data
[0.565s] creating /home/irl/robot_ws_virtual/install/pwm_msg/share
[0.565s] creating /home/irl/robot_ws_virtual/install/pwm_msg/share/ament_index
[0.565s] creating /home/irl/robot_ws_virtual/install/pwm_msg/share/ament_index/resource_index
[0.565s] creating /home/irl/robot_ws_virtual/install/pwm_msg/share/ament_index/resource_index/packages
[0.565s] symbolically linking /home/irl/robot_ws_virtual/build/pwm_msg/resource/pwm_msg -> /home/irl/robot_ws_virtual/install/pwm_msg/share/ament_index/resource_index/packages
[0.565s] creating /home/irl/robot_ws_virtual/install/pwm_msg/share/pwm_msg
[0.565s] symbolically linking /home/irl/robot_ws_virtual/build/pwm_msg/package.xml -> /home/irl/robot_ws_virtual/install/pwm_msg/share/pwm_msg
[0.584s] Invoked command in '/home/irl/robot_ws_virtual/build/pwm_msg' returned '0': PYTHONPATH=/home/irl/robot_ws_virtual/build/pwm_msg/prefix_override:/home/irl/robot_ws_virtual/install/pwm_msg/lib/python3.10/site-packages:${PYTHONPATH} /usr/bin/python3 -W ignore:setup.py install is deprecated setup.py develop --editable --build-directory /home/irl/robot_ws_virtual/build/pwm_msg/build --no-deps symlink_data
